<?xml version="1.0" encoding="UTF-8"?>
<!-- Generated by org.testng.reporters.JUnitReportReporter -->
<testsuite hostname="Virenders-MacBook-Pro.local" name="SimpleFactoryUsage.Test001" tests="2" failures="0" timestamp="26 Aug 2015 07:23:46 GMT" time="0.103" errors="0">
  <testcase name="simpleTest002" time="0.052" classname="SimpleFactoryUsage.Test001"/>
  <testcase name="simpleTest001" time="0.051" classname="SimpleFactoryUsage.Test001"/>
</testsuite> <!-- SimpleFactoryUsage.Test001 -->
