<?xml version="1.0" encoding="UTF-8"?>
<!-- Generated by org.testng.reporters.JUnitReportReporter -->
<testsuite hostname="Virenders-MacBook-Pro.local" name="ParallelWithBaseTest.Test002P" tests="2" failures="0" timestamp="26 Aug 2015 07:23:47 GMT" time="0.053" errors="0">
  <testcase name="test003" time="0.036" classname="ParallelWithBaseTest.Test002P"/>
  <testcase name="test004" time="0.017" classname="ParallelWithBaseTest.Test002P"/>
</testsuite> <!-- ParallelWithBaseTest.Test002P -->
