<?xml version="1.0" encoding="UTF-8"?>
<!-- Generated by org.testng.reporters.JUnitReportReporter -->
<testsuite hostname="Virenders-MacBook-Pro.local" name="ComplexFactoryUsage.Test002C" tests="2" failures="0" timestamp="26 Aug 2015 07:23:47 GMT" time="0.016" errors="0">
  <testcase name="complexTest003" time="0.008" classname="ComplexFactoryUsage.Test002C"/>
  <testcase name="complexTest004" time="0.008" classname="ComplexFactoryUsage.Test002C"/>
</testsuite> <!-- ComplexFactoryUsage.Test002C -->
