<?xml version="1.0" encoding="UTF-8"?>
<!-- Generated by org.testng.reporters.JUnitReportReporter -->
<testsuite hostname="Virenders-MacBook-Pro.local" name="Tests.TestWithReporting" tests="2" failures="0" timestamp="26 Aug 2015 01:35:59 GMT" time="0.510" errors="0">
  <testcase name="testSimple" time="0.484" classname="Tests.TestWithReporting"/>
  <testcase name="testWithReport" time="0.026" classname="Tests.TestWithReporting"/>
</testsuite> <!-- Tests.TestWithReporting -->
