<?xml version="1.0" encoding="UTF-8"?>
<!-- Generated by org.testng.reporters.JUnitReportReporter -->
<testsuite hostname="Virenders-MacBook-Pro.local" name="ParallelWithBaseTest.Test001P" tests="2" failures="0" timestamp="26 Aug 2015 07:23:47 GMT" time="0.033" errors="0">
  <testcase name="test001" time="0.008" classname="ParallelWithBaseTest.Test001P"/>
  <testcase name="test002" time="0.025" classname="ParallelWithBaseTest.Test001P"/>
</testsuite> <!-- ParallelWithBaseTest.Test001P -->
