<?xml version="1.0" encoding="UTF-8"?>
<!-- Generated by org.testng.reporters.JUnitReportReporter -->
<testsuite hostname="Virenders-MacBook-Pro.local" name="ParallelWithBaseTest.Test001" tests="2" failures="0" timestamp="26 Aug 2015 01:35:59 GMT" time="1.013" errors="0">
  <testcase name="test002" time="0.512" classname="ParallelWithBaseTest.Test001"/>
  <testcase name="test001" time="0.501" classname="ParallelWithBaseTest.Test001"/>
</testsuite> <!-- ParallelWithBaseTest.Test001 -->
