<?xml version="1.0" encoding="UTF-8"?>
<!-- Generated by org.testng.reporters.JUnitReportReporter -->
<testsuite hostname="Virenders-MacBook-Pro.local" name="SimpleFactoryUsage.Test002" tests="2" failures="0" timestamp="26 Aug 2015 07:23:47 GMT" time="0.112" errors="0">
  <testcase name="simpleTest004" time="0.059" classname="SimpleFactoryUsage.Test002"/>
  <testcase name="simpleTest003" time="0.053" classname="SimpleFactoryUsage.Test002"/>
</testsuite> <!-- SimpleFactoryUsage.Test002 -->
