<?xml version="1.0" encoding="UTF-8"?>
<!-- Generated by org.testng.reporters.JUnitReportReporter -->
<testsuite hostname="Virenders-MacBook-Pro.local" name="ComplexFactoryUsage.Test001C" tests="2" failures="0" timestamp="26 Aug 2015 07:23:47 GMT" time="0.073" errors="0">
  <testcase name="complexTest002" time="0.026" classname="ComplexFactoryUsage.Test001C"/>
  <testcase name="complexTest001" time="0.047" classname="ComplexFactoryUsage.Test001C"/>
</testsuite> <!-- ComplexFactoryUsage.Test001C -->
