<?xml version="1.0" encoding="UTF-8"?>
<!-- Generated by org.testng.reporters.JUnitReportReporter -->
<testsuite hostname="Virenders-MacBook-Pro.local" name="Tests.TestWithOutBase" tests="2" failures="0" timestamp="26 Aug 2015 01:35:59 GMT" time="1.026" errors="0">
  <testcase name="addTest" time="0.523" classname="Tests.TestWithOutBase"/>
  <testcase name="subTest" time="0.503" classname="Tests.TestWithOutBase"/>
</testsuite> <!-- Tests.TestWithOutBase -->
