<?xml version="1.0" encoding="UTF-8"?>
<!-- Generated by org.testng.reporters.JUnitReportReporter -->
<testsuite hostname="Imran-THINK" name="ObjectRepository.CalcTest" tests="1" failures="0" timestamp="26 Jun 2016 23:37:17 GMT" time="2.910" errors="0">
  <testcase name="Calc_Operations" time="2.910" classname="ObjectRepository.CalcTest"/>
</testsuite> <!-- ObjectRepository.CalcTest -->
